CRITICAL - 2026-07-01 18:03:19 --> ParseError: syntax error, unexpected token "public"
[Method: GET, Route: /]
in APPPATH\Controllers\Home.php on line 11.
 1 SYSTEMPATH\Autoloader\Autoloader.php(295): CodeIgniter\Autoloader\Autoloader->includeFile('C:\\Users\\alany\\Downloads\\Trabalho-Final-DEWII-main\\app\\Controllers\\Home.php')
 2 SYSTEMPATH\Autoloader\Autoloader.php(271): CodeIgniter\Autoloader\Autoloader->loadInNamespace('App\\Controllers\\Home')
 3 [internal function]: CodeIgniter\Autoloader\Autoloader->loadClass('App\\Controllers\\Home')
 4 SYSTEMPATH\CodeIgniter.php(885): class_exists('\\App\\Controllers\\Home', true)
 5 SYSTEMPATH\CodeIgniter.php(494): CodeIgniter\CodeIgniter->startController()
 6 SYSTEMPATH\CodeIgniter.php(354): CodeIgniter\CodeIgniter->handleRequest(null, Object(Config\Cache), false)
 7 SYSTEMPATH\Boot.php(363): CodeIgniter\CodeIgniter->run()
 8 SYSTEMPATH\Boot.php(68): CodeIgniter\Boot::runCodeIgniter(Object(CodeIgniter\CodeIgniter))
 9 FCPATH\index.php(59): CodeIgniter\Boot::bootWeb(Object(Config\Paths))
CRITICAL - 2026-07-01 18:03:46 --> Error: Class "App\Controllers\VooService" not found
[Method: GET, Route: /]
in APPPATH\Controllers\Home.php on line 12.
 1 SYSTEMPATH\CodeIgniter.php(933): App\Controllers\Home->index()
 2 SYSTEMPATH\CodeIgniter.php(507): CodeIgniter\CodeIgniter->runController(Object(App\Controllers\Home))
 3 SYSTEMPATH\CodeIgniter.php(354): CodeIgniter\CodeIgniter->handleRequest(null, Object(Config\Cache), false)
 4 SYSTEMPATH\Boot.php(363): CodeIgniter\CodeIgniter->run()
 5 SYSTEMPATH\Boot.php(68): CodeIgniter\Boot::runCodeIgniter(Object(CodeIgniter\CodeIgniter))
 6 FCPATH\index.php(59): CodeIgniter\Boot::bootWeb(Object(Config\Paths))
CRITICAL - 2026-07-01 18:04:25 --> Error: Class "App\Controllers\VooService" not found
[Method: GET, Route: /]
in APPPATH\Controllers\Home.php on line 12.
 1 SYSTEMPATH\CodeIgniter.php(933): App\Controllers\Home->index()
 2 SYSTEMPATH\CodeIgniter.php(507): CodeIgniter\CodeIgniter->runController(Object(App\Controllers\Home))
 3 SYSTEMPATH\CodeIgniter.php(354): CodeIgniter\CodeIgniter->handleRequest(null, Object(Config\Cache), false)
 4 SYSTEMPATH\Boot.php(363): CodeIgniter\CodeIgniter->run()
 5 SYSTEMPATH\Boot.php(68): CodeIgniter\Boot::runCodeIgniter(Object(CodeIgniter\CodeIgniter))
 6 FCPATH\index.php(59): CodeIgniter\Boot::bootWeb(Object(Config\Paths))
CRITICAL - 2026-07-01 18:06:10 --> CodeIgniter\View\Exceptions\ViewException: Invalid file: "components.hero"
[Method: GET, Route: /]
in SYSTEMPATH\Exceptions\FrameworkException.php on line 39.
 1 SYSTEMPATH\View\View.php(214): CodeIgniter\Exceptions\FrameworkException::forInvalidFile('components.hero')
 2 SYSTEMPATH\View\View.php(475): CodeIgniter\View\View->render('components.hero', null, true)
 3 APPPATH\Views\home\index.php(5): CodeIgniter\View\View->include('components.hero')
 4 SYSTEMPATH\View\View.php(226): include('C:\\Users\\alany\\Downloads\\Trabalho-Final-DEWII-main\\app\\Views\\home\\index.php')
 5 SYSTEMPATH\View\View.php(229): CodeIgniter\View\View->{closure:CodeIgniter\View\View::render():223}()
 6 SYSTEMPATH\Common.php(1199): CodeIgniter\View\View->render('home/index', [], true)
 7 APPPATH\Controllers\Home.php(23): view('home/index', [...])
 8 SYSTEMPATH\CodeIgniter.php(933): App\Controllers\Home->index()
 9 SYSTEMPATH\CodeIgniter.php(507): CodeIgniter\CodeIgniter->runController(Object(App\Controllers\Home))
10 SYSTEMPATH\CodeIgniter.php(354): CodeIgniter\CodeIgniter->handleRequest(null, Object(Config\Cache), false)
11 SYSTEMPATH\Boot.php(363): CodeIgniter\CodeIgniter->run()
12 SYSTEMPATH\Boot.php(68): CodeIgniter\Boot::runCodeIgniter(Object(CodeIgniter\CodeIgniter))
13 FCPATH\index.php(59): CodeIgniter\Boot::bootWeb(Object(Config\Paths))
CRITICAL - 2026-07-01 18:08:17 --> CodeIgniter\View\Exceptions\ViewException: Invalid file: "components.search_form"
[Method: GET, Route: /]
in SYSTEMPATH\Exceptions\FrameworkException.php on line 39.
 1 SYSTEMPATH\View\View.php(214): CodeIgniter\Exceptions\FrameworkException::forInvalidFile('components.search_form')
 2 SYSTEMPATH\View\View.php(475): CodeIgniter\View\View->render('components.search_form', null, true)
 3 APPPATH\Views\components\home\hero.php(74): CodeIgniter\View\View->include('components.search_form')
 4 SYSTEMPATH\View\View.php(226): include('C:\\Users\\alany\\Downloads\\Trabalho-Final-DEWII-main\\app\\Views\\components\\home\\hero.php')
 5 SYSTEMPATH\View\View.php(229): CodeIgniter\View\View->{closure:CodeIgniter\View\View::render():223}()
 6 SYSTEMPATH\View\View.php(475): CodeIgniter\View\View->render('components/home/hero', null, true)
 7 APPPATH\Views\home\index.php(5): CodeIgniter\View\View->include('components/home/hero')
 8 SYSTEMPATH\View\View.php(226): include('C:\\Users\\alany\\Downloads\\Trabalho-Final-DEWII-main\\app\\Views\\home\\index.php')
 9 SYSTEMPATH\View\View.php(229): CodeIgniter\View\View->{closure:CodeIgniter\View\View::render():223}()
10 SYSTEMPATH\Common.php(1199): CodeIgniter\View\View->render('home/index', [], true)
11 APPPATH\Controllers\Home.php(23): view('home/index', [...])
12 SYSTEMPATH\CodeIgniter.php(933): App\Controllers\Home->index()
13 SYSTEMPATH\CodeIgniter.php(507): CodeIgniter\CodeIgniter->runController(Object(App\Controllers\Home))
14 SYSTEMPATH\CodeIgniter.php(354): CodeIgniter\CodeIgniter->handleRequest(null, Object(Config\Cache), false)
15 SYSTEMPATH\Boot.php(363): CodeIgniter\CodeIgniter->run()
16 SYSTEMPATH\Boot.php(68): CodeIgniter\Boot::runCodeIgniter(Object(CodeIgniter\CodeIgniter))
17 FCPATH\index.php(59): CodeIgniter\Boot::bootWeb(Object(Config\Paths))
CRITICAL - 2026-07-01 18:11:56 --> CodeIgniter\View\Exceptions\ViewException: Invalid file: "components.search_fields"
[Method: GET, Route: /]
in SYSTEMPATH\Exceptions\FrameworkException.php on line 39.
 1 SYSTEMPATH\View\View.php(214): CodeIgniter\Exceptions\FrameworkException::forInvalidFile('components.search_fields')
 2 SYSTEMPATH\View\View.php(475): CodeIgniter\View\View->render('components.search_fields', null, true)
 3 APPPATH\Views\components\home\search_form.php(11): CodeIgniter\View\View->include('components.search_fields')
 4 SYSTEMPATH\View\View.php(226): include('C:\\Users\\alany\\Downloads\\Trabalho-Final-DEWII-main\\app\\Views\\components\\home\\search_form.php')
 5 SYSTEMPATH\View\View.php(229): CodeIgniter\View\View->{closure:CodeIgniter\View\View::render():223}()
 6 SYSTEMPATH\View\View.php(475): CodeIgniter\View\View->render('components/home/search_form', null, true)
 7 APPPATH\Views\components\home\hero.php(74): CodeIgniter\View\View->include('components/home/search_form')
 8 SYSTEMPATH\View\View.php(226): include('C:\\Users\\alany\\Downloads\\Trabalho-Final-DEWII-main\\app\\Views\\components\\home\\hero.php')
 9 SYSTEMPATH\View\View.php(229): CodeIgniter\View\View->{closure:CodeIgniter\View\View::render():223}()
10 SYSTEMPATH\View\View.php(475): CodeIgniter\View\View->render('components/home/hero', null, true)
11 APPPATH\Views\home\index.php(5): CodeIgniter\View\View->include('components/home/hero')
12 SYSTEMPATH\View\View.php(226): include('C:\\Users\\alany\\Downloads\\Trabalho-Final-DEWII-main\\app\\Views\\home\\index.php')
13 SYSTEMPATH\View\View.php(229): CodeIgniter\View\View->{closure:CodeIgniter\View\View::render():223}()
14 SYSTEMPATH\Common.php(1199): CodeIgniter\View\View->render('home/index', [], true)
15 APPPATH\Controllers\Home.php(23): view('home/index', [...])
16 SYSTEMPATH\CodeIgniter.php(933): App\Controllers\Home->index()
17 SYSTEMPATH\CodeIgniter.php(507): CodeIgniter\CodeIgniter->runController(Object(App\Controllers\Home))
18 SYSTEMPATH\CodeIgniter.php(354): CodeIgniter\CodeIgniter->handleRequest(null, Object(Config\Cache), false)
19 SYSTEMPATH\Boot.php(363): CodeIgniter\CodeIgniter->run()
20 SYSTEMPATH\Boot.php(68): CodeIgniter\Boot::runCodeIgniter(Object(CodeIgniter\CodeIgniter))
21 FCPATH\index.php(59): CodeIgniter\Boot::bootWeb(Object(Config\Paths))
CRITICAL - 2026-07-01 18:12:00 --> CodeIgniter\View\Exceptions\ViewException: Invalid file: "components.search_fields"
[Method: GET, Route: /]
in SYSTEMPATH\Exceptions\FrameworkException.php on line 39.
 1 SYSTEMPATH\View\View.php(214): CodeIgniter\Exceptions\FrameworkException::forInvalidFile('components.search_fields')
 2 SYSTEMPATH\View\View.php(475): CodeIgniter\View\View->render('components.search_fields', null, true)
 3 APPPATH\Views\components\home\search_form.php(11): CodeIgniter\View\View->include('components.search_fields')
 4 SYSTEMPATH\View\View.php(226): include('C:\\Users\\alany\\Downloads\\Trabalho-Final-DEWII-main\\app\\Views\\components\\home\\search_form.php')
 5 SYSTEMPATH\View\View.php(229): CodeIgniter\View\View->{closure:CodeIgniter\View\View::render():223}()
 6 SYSTEMPATH\View\View.php(475): CodeIgniter\View\View->render('components/home/search_form', null, true)
 7 APPPATH\Views\components\home\hero.php(74): CodeIgniter\View\View->include('components/home/search_form')
 8 SYSTEMPATH\View\View.php(226): include('C:\\Users\\alany\\Downloads\\Trabalho-Final-DEWII-main\\app\\Views\\components\\home\\hero.php')
 9 SYSTEMPATH\View\View.php(229): CodeIgniter\View\View->{closure:CodeIgniter\View\View::render():223}()
10 SYSTEMPATH\View\View.php(475): CodeIgniter\View\View->render('components/home/hero', null, true)
11 APPPATH\Views\home\index.php(5): CodeIgniter\View\View->include('components/home/hero')
12 SYSTEMPATH\View\View.php(226): include('C:\\Users\\alany\\Downloads\\Trabalho-Final-DEWII-main\\app\\Views\\home\\index.php')
13 SYSTEMPATH\View\View.php(229): CodeIgniter\View\View->{closure:CodeIgniter\View\View::render():223}()
14 SYSTEMPATH\Common.php(1199): CodeIgniter\View\View->render('home/index', [], true)
15 APPPATH\Controllers\Home.php(23): view('home/index', [...])
16 SYSTEMPATH\CodeIgniter.php(933): App\Controllers\Home->index()
17 SYSTEMPATH\CodeIgniter.php(507): CodeIgniter\CodeIgniter->runController(Object(App\Controllers\Home))
18 SYSTEMPATH\CodeIgniter.php(354): CodeIgniter\CodeIgniter->handleRequest(null, Object(Config\Cache), false)
19 SYSTEMPATH\Boot.php(363): CodeIgniter\CodeIgniter->run()
20 SYSTEMPATH\Boot.php(68): CodeIgniter\Boot::runCodeIgniter(Object(CodeIgniter\CodeIgniter))
21 FCPATH\index.php(59): CodeIgniter\Boot::bootWeb(Object(Config\Paths))
